e:\trunk\tpshell_pc_client\dev_tool\downloader\downloader\release\vc140.pdb
e:\trunk\tpshell_pc_client\dev_tool\downloader\downloader\release\tmain.obj
e:\trunk\tpshell_pc_client\dev_tool\downloader\downloader\release\task_loader.obj
e:\trunk\tpshell_pc_client\dev_tool\downloader\downloader\release\multi_downloader.obj
e:\trunk\tpshell_pc_client\dev_tool\downloader\downloader\release\i_progress_adpter.obj
e:\trunk\tpshell_pc_client\dev_tool\downloader\downloader\release\http_downloader.obj
e:\trunk\tpshell_pc_client\dev_tool\downloader\downloader\release\curl_helper.obj
e:\trunk\tpshell_pc_client\dev_tool\downloader\downloader\release\tp_thread.obj
e:\trunk\tpshell_pc_client\dev_tool\downloader\downloader\release\tp_sem.obj
e:\trunk\tpshell_pc_client\dev_tool\downloader\downloader\release\tp_perf.obj
e:\trunk\tpshell_pc_client\dev_tool\downloader\downloader\release\tp_log.obj
e:\trunk\tpshell_pc_client\dev_tool\downloader\downloader\release\tp_lock.obj
e:\trunk\tpshell_pc_client\dev_tool\downloader\downloader\release\memory_block.obj
e:\trunk\tpshell_pc_client\dev_tool\downloader\downloader\release\md5.obj
e:\trunk\tpshell_pc_client\dev_tool\downloader\downloader\release\file_helper.obj
e:\trunk\tpshell_pc_client\dev_tool\downloader\downloader\release\data_stream.obj
e:\trunk\tpshell_pc_client\dev_tool\downloader\downloader\release\crc32.obj
e:\trunk\tpshell_pc_client\dev_tool\downloader\downloader\release\common.obj
e:\trunk\tpshell_pc_client\dev_tool\downloader\downloader\release\auto_release_pool.obj
e:\trunk\tpshell_pc_client\dev_tool\downloader\release\downloader.exe
e:\trunk\tpshell_pc_client\dev_tool\downloader\release\downloader.ipdb
e:\trunk\tpshell_pc_client\dev_tool\downloader\release\downloader.iobj
e:\trunk\tpshell_pc_client\dev_tool\downloader\release\downloader.pdb
e:\trunk\tpshell_pc_client\dev_tool\downloader\downloader\release\downloader.tlog\cl.command.1.tlog
e:\trunk\tpshell_pc_client\dev_tool\downloader\downloader\release\downloader.tlog\cl.read.1.tlog
e:\trunk\tpshell_pc_client\dev_tool\downloader\downloader\release\downloader.tlog\cl.write.1.tlog
e:\trunk\tpshell_pc_client\dev_tool\downloader\downloader\release\downloader.tlog\link.command.1.tlog
e:\trunk\tpshell_pc_client\dev_tool\downloader\downloader\release\downloader.tlog\link.read.1.tlog
e:\trunk\tpshell_pc_client\dev_tool\downloader\downloader\release\downloader.tlog\link.write.1.tlog
